<?xml version="1.0" encoding="UTF-8"?>
<testsuites name="Mocha Tests" time="3.826" tests="2" failures="0">
  <testsuite name="Root Suite" timestamp="2025-03-05T13:10:51" tests="0" file="cypress\e2e\tri_az.cy.js" time="0.000" failures="0">
  </testsuite>
  <testsuite name="Test Tri" timestamp="2025-03-05T13:10:51" tests="2" time="3.819" failures="0">
    <testcase name="Test Tri Tri Alphabétique A-Z" time="1.267" classname="Tri Alphabétique A-Z">
    </testcase>
    <testcase name="Test Tri Tri Alphabétique Z-A" time="1.334" classname="Tri Alphabétique Z-A">
    </testcase>
  </testsuite>
</testsuites>