<?xml version="1.0" encoding="UTF-8"?>
<testsuites name="Mocha Tests" time="3.873" tests="1" failures="0">
  <testsuite name="Root Suite" timestamp="2025-03-05T12:54:04" tests="0" file="cypress\e2e\affichageDesProduits.cy.js" time="0.000" failures="0">
  </testsuite>
  <testsuite name="Test affichage des produits" timestamp="2025-03-05T12:54:04" tests="0" time="0.000" failures="0">
  </testsuite>
  <testsuite name="Test affichage des produits" timestamp="2025-03-05T12:54:04" tests="1" time="3.865" failures="0">
    <testcase name="Test affichage des produits Test affichage des produits Récupérer la liste des produits affichés" time="1.817" classname="Récupérer la liste des produits affichés">
    </testcase>
  </testsuite>
</testsuites>