<?xml version="1.0" encoding="UTF-8"?>
<testsuites name="Mocha Tests" time="4.139" tests="2" failures="0">
  <testsuite name="Root Suite" timestamp="2025-03-05T13:01:04" tests="0" file="cypress\e2e\tri_az.cy.js" time="0.000" failures="0">
  </testsuite>
  <testsuite name="Test Tri" timestamp="2025-03-05T13:01:04" tests="2" time="4.127" failures="0">
    <testcase name="Test Tri Tri Alphabétique A-Z" time="1.343" classname="Tri Alphabétique A-Z">
    </testcase>
    <testcase name="Test Tri Tri Alphabétique Z-A" time="1.208" classname="Tri Alphabétique Z-A">
    </testcase>
  </testsuite>
</testsuites>